C:\Program Files (x86)\Microsoft Visual Studio\2019\Community\MSBuild\Microsoft\VC\v160\Microsoft.CppBuild.targets(513,5): warning MSB8028: The intermediate directory (x64\Debug\) contains files shared from another project (Lab4343.vcxproj).  This can lead to incorrect clean and rebuild behavior.
  Book.cpp
  checkout.cpp
C:\Users\Inthe\source\repos\lab4\command.h(50,72): error C2061: syntax error: identifier 'Patron'
C:\Users\Inthe\source\repos\lab4\command.h(58,11): error C2143: syntax error: missing ';' before '*'
C:\Users\Inthe\source\repos\lab4\command.h(58,11): error C4430: missing type specifier - int assumed. Note: C++ does not support default-int
C:\Users\Inthe\source\repos\lab4\command.h(58,23): error C2238: unexpected token(s) preceding ';'
  childrenbook.cpp
C:\Users\Inthe\source\repos\lab4\childrenbook.cpp(30,5): error C3861: 'getline': identifier not found
C:\Users\Inthe\source\repos\lab4\childrenbook.cpp(32,5): error C3861: 'getline': identifier not found
  command.cpp
C:\Users\Inthe\source\repos\lab4\command.h(50,72): error C2061: syntax error: identifier 'Patron'
C:\Users\Inthe\source\repos\lab4\command.h(58,11): error C2143: syntax error: missing ';' before '*'
C:\Users\Inthe\source\repos\lab4\command.h(58,11): error C4430: missing type specifier - int assumed. Note: C++ does not support default-int
C:\Users\Inthe\source\repos\lab4\command.h(58,23): error C2238: unexpected token(s) preceding ';'
C:\Users\Inthe\source\repos\lab4\command.cpp(34,96): error C2511: 'bool Command::buildCommand(std::istream &,Library *,int,Patron *)': overloaded member function not found in 'Command'
C:\Users\Inthe\source\repos\lab4\command.h(20): message : see declaration of 'Command'
C:\Users\Inthe\source\repos\lab4\command.cpp(37,5): error C2597: illegal reference to non-static member 'Command::patron_'
C:\Users\Inthe\source\repos\lab4\command.h(57): message : see declaration of 'Command::patron_'
C:\Users\Inthe\source\repos\lab4\command.cpp(38,5): error C2065: 'patronPtr_': undeclared identifier
C:\Users\Inthe\source\repos\lab4\command.cpp(68,9): error C2597: illegal reference to non-static member 'Command::item_'
C:\Users\Inthe\source\repos\lab4\command.h(59): message : see declaration of 'Command::item_'
C:\Users\Inthe\source\repos\lab4\command.cpp(71,12): error C2352: 'Command::execute': illegal call of non-static member function
C:\Users\Inthe\source\repos\lab4\command.h(43): message : see declaration of 'Command::execute'
  commandfactory.cpp
C:\Users\Inthe\source\repos\lab4\command.h(50,72): error C2061: syntax error: identifier 'Patron'
C:\Users\Inthe\source\repos\lab4\command.h(58,11): error C2143: syntax error: missing ';' before '*'
C:\Users\Inthe\source\repos\lab4\command.h(58,11): error C4430: missing type specifier - int assumed. Note: C++ does not support default-int
C:\Users\Inthe\source\repos\lab4\command.h(58,23): error C2238: unexpected token(s) preceding ';'
  commandmanager.cpp
C:\Users\Inthe\source\repos\lab4\command.h(50,72): error C2061: syntax error: identifier 'Patron'
C:\Users\Inthe\source\repos\lab4\command.h(58,11): error C2143: syntax error: missing ';' before '*'
C:\Users\Inthe\source\repos\lab4\command.h(58,11): error C4430: missing type specifier - int assumed. Note: C++ does not support default-int
C:\Users\Inthe\source\repos\lab4\command.h(58,23): error C2238: unexpected token(s) preceding ';'
C:\Users\Inthe\source\repos\lab4\commandmanager.cpp(59,16): error C2660: 'Command::buildCommand': function does not take 4 arguments
C:\Users\Inthe\source\repos\lab4\command.h(50,10): message : see declaration of 'Command::buildCommand'
  fictionbook.cpp
C:\Users\Inthe\source\repos\lab4\fictionbook.cpp(41,5): error C3861: 'getline': identifier not found
C:\Users\Inthe\source\repos\lab4\fictionbook.cpp(43,5): error C3861: 'getline': identifier not found
  history.cpp
C:\Users\Inthe\source\repos\lab4\command.h(50,72): error C2061: syntax error: identifier 'Patron'
C:\Users\Inthe\source\repos\lab4\command.h(58,11): error C2143: syntax error: missing ';' before '*'
C:\Users\Inthe\source\repos\lab4\command.h(58,11): error C4430: missing type specifier - int assumed. Note: C++ does not support default-int
C:\Users\Inthe\source\repos\lab4\command.h(58,23): error C2238: unexpected token(s) preceding ';'
C:\Users\Inthe\source\repos\lab4\history.cpp(20,5): error C2065: 'patronPtr_': undeclared identifier
  item.cpp
  itemcontainer.cpp
  itemfactory.cpp
  library.cpp
C:\Users\Inthe\source\repos\lab4\command.h(50,72): error C2061: syntax error: identifier 'Patron'
C:\Users\Inthe\source\repos\lab4\command.h(58,11): error C2143: syntax error: missing ';' before '*'
C:\Users\Inthe\source\repos\lab4\command.h(58,11): error C4430: missing type specifier - int assumed. Note: C++ does not support default-int
C:\Users\Inthe\source\repos\lab4\command.h(58,23): error C2238: unexpected token(s) preceding ';'
  main.cpp
C:\Users\Inthe\source\repos\lab4\command.h(50,72): error C2061: syntax error: identifier 'Patron'
C:\Users\Inthe\source\repos\lab4\command.h(58,11): error C2143: syntax error: missing ';' before '*'
C:\Users\Inthe\source\repos\lab4\command.h(58,11): error C4430: missing type specifier - int assumed. Note: C++ does not support default-int
C:\Users\Inthe\source\repos\lab4\command.h(58,23): error C2238: unexpected token(s) preceding ';'
C:\Users\Inthe\source\repos\lab4\main.cpp(28,5): error C2065: 'patrons': undeclared identifier
C:\Users\Inthe\source\repos\lab4\main.cpp(29,22): error C2065: 'patrons': undeclared identifier
C:\Users\Inthe\source\repos\lab4\main.cpp(30,5): error C2065: 'commands': undeclared identifier
  patron.cpp
C:\Users\Inthe\source\repos\lab4\command.h(50,72): error C2061: syntax error: identifier 'Patron'
C:\Users\Inthe\source\repos\lab4\command.h(58,11): error C2143: syntax error: missing ';' before '*'
C:\Users\Inthe\source\repos\lab4\command.h(58,11): error C4430: missing type specifier - int assumed. Note: C++ does not support default-int
C:\Users\Inthe\source\repos\lab4\command.h(58,23): error C2238: unexpected token(s) preceding ';'
  patroncontainer.cpp
C:\Users\Inthe\source\repos\lab4\command.h(50,72): error C2061: syntax error: identifier 'Patron'
C:\Users\Inthe\source\repos\lab4\command.h(58,11): error C2143: syntax error: missing ';' before '*'
C:\Users\Inthe\source\repos\lab4\command.h(58,11): error C4430: missing type specifier - int assumed. Note: C++ does not support default-int
C:\Users\Inthe\source\repos\lab4\command.h(58,23): error C2238: unexpected token(s) preceding ';'
  periodicalbook.cpp
C:\Users\Inthe\source\repos\lab4\periodicalbook.cpp(40,5): error C3861: 'getline': identifier not found
  return.cpp
C:\Users\Inthe\source\repos\lab4\command.h(50,72): error C2061: syntax error: identifier 'Patron'
C:\Users\Inthe\source\repos\lab4\command.h(58,11): error C2143: syntax error: missing ';' before '*'
C:\Users\Inthe\source\repos\lab4\command.h(58,11): error C4430: missing type specifier - int assumed. Note: C++ does not support default-int
C:\Users\Inthe\source\repos\lab4\command.h(58,23): error C2238: unexpected token(s) preceding ';'
  shelf.cpp
C:\Users\Inthe\source\repos\lab4\shelf.cpp(114,13): error C3861: 'getline': identifier not found
  Generating Code...
